\BOOKMARK [1][-]{section.1}{\376\377\200\003\213\325\176\323\147\204\116\016\117\177\165\050\215\357\176\277}{}% 1
\BOOKMARK [2][-]{subsection.1.1}{\376\377\131\047\230\230\126\372\133\232\173\124\230\230\152\041\147\177}{section.1}% 2
\BOOKMARK [2][-]{subsection.1.2}{\376\377\220\011\142\351\230\230\232\330\230\221\156\005\123\125}{section.1}% 3
\BOOKMARK [1][-]{section.2}{\376\377\000A\000l\000g\000o\000r\000i\000t\000h\000m\000\040\000A\000n\000a\000l\000y\000s\000i\000s}{}% 4
\BOOKMARK [2][-]{subsection.2.1}{\376\377\131\032\230\171\137\017\145\366\225\364\060\001\217\223\121\145\211\304\152\041\116\016\156\020\217\321\213\260\123\367}{section.2}% 5
\BOOKMARK [2][-]{subsection.2.2}{\376\377\116\343\210\150\225\356\230\230\121\111\214\061}{section.2}% 6
\BOOKMARK [1][-]{section.3}{\376\377\000S\000t\000a\000b\000l\000e\000\040\000M\000a\000t\000c\000h\000i\000n\000g}{}% 7
\BOOKMARK [2][-]{subsection.3.1}{\376\377\133\232\116\111}{section.3}% 8
\BOOKMARK [2][-]{subsection.3.2}{\376\377\000G\000a\000l\000e\000-\000S\000h\000a\000p\000l\000e\000y\000\040\173\227\154\325}{section.3}% 9
\BOOKMARK [2][-]{subsection.3.3}{\376\377\153\143\170\156\140\047\213\301\146\016}{section.3}% 10
\BOOKMARK [2][-]{subsection.3.4}{\376\377\147\000\117\030\140\047\116\016\116\000\133\371\131\032\162\110\147\054}{section.3}% 11
\BOOKMARK [1][-]{section.4}{\376\377\000G\000r\000e\000e\000d\000y\000\040\000A\000l\000g\000o\000r\000i\000t\000h\000m\000s}{}% 12
\BOOKMARK [2][-]{subsection.4.1}{\376\377\213\301\146\016\152\041\147\177}{section.4}% 13
\BOOKMARK [2][-]{subsection.4.2}{\376\377\000S\000e\000l\000e\000c\000t\000i\000n\000g\000\040\000B\000r\000e\000a\000k\000p\000o\000i\000n\000t\000s}{section.4}% 14
\BOOKMARK [2][-]{subsection.4.3}{\376\377\000I\000n\000t\000e\000r\000v\000a\000l\000\040\000S\000c\000h\000e\000d\000u\000l\000i\000n\000g}{section.4}% 15
\BOOKMARK [2][-]{subsection.4.4}{\376\377\000I\000n\000t\000e\000r\000v\000a\000l\000\040\000P\000a\000r\000t\000i\000t\000i\000o\000n\000i\000n\000g}{section.4}% 16
\BOOKMARK [2][-]{subsection.4.5}{\376\377\000M\000i\000n\000i\000m\000i\000z\000i\000n\000g\000\040\000M\000a\000x\000i\000m\000u\000m\000\040\000L\000a\000t\000e\000n\000e\000s\000s}{section.4}% 17
\BOOKMARK [2][-]{subsection.4.6}{\376\377\000C\000a\000c\000h\000i\000n\000g\000:\000\040\000F\000a\000r\000t\000h\000e\000s\000t\000-\000i\000n\000-\000F\000u\000t\000u\000r\000e}{section.4}% 18
\BOOKMARK [2][-]{subsection.4.7}{\376\377\000D\000i\000j\000k\000s\000t\000r\000a\000,\000\040\000M\000S\000T\000,\000\040\000H\000u\000f\000f\000m\000a\000n\000,\000\040\000D\000i\000r\000e\000c\000t\000e\000d\000\040\000M\000S\000T}{section.4}% 19
\BOOKMARK [2][-]{subsection.4.8}{\376\377\000E\000x\000a\000m\000\040\000G\000r\000e\000e\000d\000y\000:\000\040\116\244\146\023\145\366\225\364\123\071\221\115}{section.4}% 20
\BOOKMARK [1][-]{section.5}{\376\377\000D\000i\000v\000i\000d\000e\000\040\000a\000n\000d\000\040\000C\000o\000n\000q\000u\000e\000r}{}% 21
\BOOKMARK [2][-]{subsection.5.1}{\376\377\000M\000a\000s\000t\000e\000r\000\040\000T\000h\000e\000o\000r\000e\000m}{section.5}% 22
\BOOKMARK [2][-]{subsection.5.2}{\376\377\000C\000o\000u\000n\000t\000i\000n\000g\000\040\000I\000n\000v\000e\000r\000s\000i\000o\000n\000s}{section.5}% 23
\BOOKMARK [2][-]{subsection.5.3}{\376\377\000C\000l\000o\000s\000e\000s\000t\000\040\000P\000a\000i\000r}{section.5}% 24
\BOOKMARK [2][-]{subsection.5.4}{\376\377\000I\000n\000t\000e\000g\000e\000r\000\040\000M\000u\000l\000t\000i\000p\000l\000i\000c\000a\000t\000i\000o\000n\000,\000\040\000K\000a\000r\000a\000t\000s\000u\000b\000a\000,\000\040\000M\000a\000t\000r\000i\000x\000\040\000M\000u\000l\000t\000i\000p\000l\000i\000c\000a\000t\000i\000o\000n}{section.5}% 25
\BOOKMARK [2][-]{subsection.5.5}{\376\377\000F\000F\000T\000\040\116\016\123\167\171\357}{section.5}% 26
\BOOKMARK [2][-]{subsection.5.6}{\376\377\000E\000x\000a\000m\000\040\000D\000\046\000C\000:\000\040\133\214\121\150\116\214\123\311\150\021\134\100\220\350\147\000\134\017}{section.5}% 27
\BOOKMARK [1][-]{section.6}{\376\377\000D\000y\000n\000a\000m\000i\000c\000\040\000P\000r\000o\000g\000r\000a\000m\000m\000i\000n\000g}{}% 28
\BOOKMARK [2][-]{subsection.6.1}{\376\377\000D\000P\000\040\173\124\230\230\152\041\147\177}{section.6}% 29
\BOOKMARK [2][-]{subsection.6.2}{\376\377\000W\000e\000i\000g\000h\000t\000e\000d\000\040\000I\000n\000t\000e\000r\000v\000a\000l\000\040\000S\000c\000h\000e\000d\000u\000l\000i\000n\000g}{section.6}% 30
\BOOKMARK [2][-]{subsection.6.3}{\376\377\000S\000e\000g\000m\000e\000n\000t\000e\000d\000\040\000L\000e\000a\000s\000t\000\040\000S\000q\000u\000a\000r\000e\000s}{section.6}% 31
\BOOKMARK [2][-]{subsection.6.4}{\376\377\000K\000n\000a\000p\000s\000a\000c\000k}{section.6}% 32
\BOOKMARK [2][-]{subsection.6.5}{\376\377\000R\000N\000A\000\040\000S\000e\000c\000o\000n\000d\000a\000r\000y\000\040\000S\000t\000r\000u\000c\000t\000u\000r\000e}{section.6}% 33
\BOOKMARK [2][-]{subsection.6.6}{\376\377\000S\000e\000q\000u\000e\000n\000c\000e\000\040\000A\000l\000i\000g\000n\000m\000e\000n\000t\000\040\116\016\000\040\000H\000i\000r\000s\000c\000h\000b\000e\000r\000g}{section.6}% 34
\BOOKMARK [2][-]{subsection.6.7}{\376\377\000S\000h\000o\000r\000t\000e\000s\000t\000\040\000P\000a\000t\000h\000s\000\040\000w\000i\000t\000h\000\040\000N\000e\000g\000a\000t\000i\000v\000e\000\040\000E\000d\000g\000e\000s}{section.6}% 35
\BOOKMARK [2][-]{subsection.6.8}{\376\377\000E\000x\000a\000m\000\040\000D\000P\000:\000\040\136\223\133\130\000/\116\323\120\250}{section.6}% 36
\BOOKMARK [1][-]{section.7}{\376\377\000N\000e\000t\000w\000o\000r\000k\000\040\000F\000l\000o\000w}{}% 37
\BOOKMARK [2][-]{subsection.7.1}{\376\377\127\372\147\054\133\232\116\111}{section.7}% 38
\BOOKMARK [2][-]{subsection.7.2}{\376\377\000R\000e\000s\000i\000d\000u\000a\000l\000\040\000N\000e\000t\000w\000o\000r\000k\000\040\116\016\000\040\000F\000o\000r\000d\000-\000F\000u\000l\000k\000e\000r\000s\000o\000n}{section.7}% 39
\BOOKMARK [2][-]{subsection.7.3}{\376\377\176\317\121\170\136\372\126\376}{section.7}% 40
\BOOKMARK [2][-]{subsection.7.4}{\376\377\000I\000m\000a\000g\000e\000\040\000S\000e\000g\000m\000e\000n\000t\000a\000t\000i\000o\000n\000\040\000/\000\040\000M\000a\000x\000i\000m\000u\000m\000\040\000C\000l\000o\000s\000u\000r\000e}{section.7}% 41
\BOOKMARK [2][-]{subsection.7.5}{\376\377\000E\000x\000a\000m\000\040\000F\000l\000o\000w\000:\000\040\217\157\116\366\217\301\171\373}{section.7}% 42
\BOOKMARK [1][-]{section.8}{\376\377\000C\000o\000m\000p\000u\000t\000a\000t\000i\000o\000n\000a\000l\000\040\000I\000n\000t\000r\000a\000c\000t\000a\000b\000i\000l\000i\000t\000y}{}% 43
\BOOKMARK [2][-]{subsection.8.1}{\376\377\000R\000e\000d\000u\000c\000t\000i\000o\000n\000\040\116\016\000\040\000N\000P\000-\000c\000o\000m\000p\000l\000e\000t\000e\000\040\213\301\146\016}{section.8}% 44
\BOOKMARK [2][-]{subsection.8.2}{\376\377\000I\000n\000d\000e\000p\000e\000n\000d\000e\000n\000t\000\040\000S\000e\000t\000\040\116\016\000\040\000V\000e\000r\000t\000e\000x\000\040\000C\000o\000v\000e\000r}{section.8}% 45
\BOOKMARK [2][-]{subsection.8.3}{\376\377\000V\000e\000r\000t\000e\000x\000\040\000C\000o\000v\000e\000r\000\040\122\060\000\040\000S\000e\000t\000\040\000C\000o\000v\000e\000r}{section.8}% 46
\BOOKMARK [2][-]{subsection.8.4}{\376\377\0003\000-\000S\000A\000T\000\040\122\060\000\040\000I\000n\000d\000e\000p\000e\000n\000d\000e\000n\000t\000\040\000S\000e\000t}{section.8}% 47
\BOOKMARK [2][-]{subsection.8.5}{\376\377\000S\000e\000a\000r\000c\000h\000\040\000v\000s\000\040\000D\000e\000c\000i\000s\000i\000o\000n\000:\000\040\000V\000e\000r\000t\000e\000x\000\040\000C\000o\000v\000e\000r\000\040\173\111\116\367}{section.8}% 48
\BOOKMARK [2][-]{subsection.8.6}{\376\377\000A\000s\000s\000i\000g\000n\000m\000e\000n\000t\000\040\0006\000:\000\040\0003\000S\000A\000T\000P\000\040\0003\000C\000o\000l\000o\000r}{section.8}% 49
\BOOKMARK [1][-]{section.9}{\376\377\000R\000a\000n\000d\000o\000m\000i\000z\000e\000d\000\040\000A\000l\000g\000o\000r\000i\000t\000h\000m\000s}{}% 50
\BOOKMARK [2][-]{subsection.9.1}{\376\377\127\372\170\100\151\202\163\207\135\345\121\167}{section.9}% 51
\BOOKMARK [2][-]{subsection.9.2}{\376\377\000M\000o\000n\000t\000e\000\040\000C\000a\000r\000l\000o\000\040\000v\000s\000\040\000L\000a\000s\000\040\000V\000e\000g\000a\000s}{section.9}% 52
\BOOKMARK [2][-]{subsection.9.3}{\376\377\000C\000o\000n\000t\000e\000n\000t\000i\000o\000n\000\040\000R\000e\000s\000o\000l\000u\000t\000i\000o\000n}{section.9}% 53
\BOOKMARK [2][-]{subsection.9.4}{\376\377\000R\000a\000n\000d\000o\000m\000i\000z\000e\000d\000\040\000Q\000u\000i\000c\000k\000s\000e\000l\000e\000c\000t}{section.9}% 54
\BOOKMARK [2][-]{subsection.9.5}{\376\377\000K\000a\000r\000g\000e\000r\000\040\000G\000l\000o\000b\000a\000l\000\040\000M\000i\000n\000\040\000C\000u\000t}{section.9}% 55
\BOOKMARK [2][-]{subsection.9.6}{\376\377\000L\000o\000a\000d\000\040\000B\000a\000l\000a\000n\000c\000i\000n\000g}{section.9}% 56
\BOOKMARK [2][-]{subsection.9.7}{\376\377\000M\000A\000X\000\040\0003\000-\000S\000A\000T}{section.9}% 57
\BOOKMARK [2][-]{subsection.9.8}{\376\377\000E\000x\000a\000m\000\040\000R\000a\000n\000d\000o\000m\000i\000z\000e\000d\000:\000\040\126\333\147\323\202\162\156\341\215\263\201\363\134\021\000\040\0003\000/\0004\000\040\217\271}{section.9}% 58
\BOOKMARK [1][-]{section.10}{\376\377\000L\000a\000b\000\040\116\016\000\040\000A\000s\000s\000i\000g\000n\000m\000e\000n\000t\000\040\133\371\136\224\131\015\116\140\210\150}{}% 59
\BOOKMARK [1][-]{section.11}{\376\377\147\000\124\016\201\352\155\113}{}% 60
